<?xml version="1.0" encoding="UTF-8"?>
<!-- Generated by org.testng.reporters.JUnitReportReporter -->
<testsuite hostname="LTIN439050" failures="0" tests="1" name="testcases.LoginTest" time="8.860" errors="0" timestamp="2024-05-02T15:03:15 IST" skipped="0">
  <testcase classname="testcases.LoginTest" name="TC01" time="8.860"/>
</testsuite> <!-- testcases.LoginTest -->
