<?xml version="1.0" encoding="UTF-8"?>
<!-- Generated by org.testng.reporters.JUnitReportReporter -->
<testsuite hostname="LTIN439050" failures="0" tests="1" name="testcases.LoginTest" time="7.648" errors="0" timestamp="2024-05-01T22:14:15 IST" skipped="0">
  <testcase classname="testcases.LoginTest" name="TC01" time="7.648"/>
</testsuite> <!-- testcases.LoginTest -->
